<Response>
    <Play>https://www.mboxdrive.com/duncan-mighty-ijeoma-remix-feat-bomba-crack-wildstream.mp3</Play>
</Response>
