<Response>
    <Play>https://www.mboxdrive.com/b3dk-3ala-Bali.mp3</Play>
</Response>
